<?xml version="1.0" encoding="UTF-8"?>
<!-- Generated by org.testng.reporters.JUnitXMLReporter -->
<testsuite hostname="Lenovo-PC" ignored="6" name="sanityrun" tests="2" failures="1" timestamp="29 Aug 2022 15:19:29 GMT" time="61.425" errors="0">
  <testcase name="verifyInvalidCredentialWarningmessage" time="15.778" classname="com.supermarket.tests.LoginTest"/>
  <testcase name="verifyThatExpensecategoryRadioButtonIsSelected" time="14.826" classname="com.supermarket.tests.ManageExpenseTest">
    <failure type="org.openqa.selenium.ElementNotInteractableException" message="element not interactable
  (Session info: chrome=104.0.5112.102)
Build info: version: &amp;apos;4.3.0&amp;apos;, revision: &amp;apos;a4995e2c09*&amp;apos;
System info: host: &amp;apos;LENOVO-PC&amp;apos;, ip: &amp;apos;192.168.1.5&amp;apos;, os.name: &amp;apos;Windows 10&amp;apos;, os.arch: &amp;apos;amd64&amp;apos;, os.version: &amp;apos;10.0&amp;apos;, java.version: &amp;apos;1.8.0_331&amp;apos;
Driver info: org.openqa.selenium.chrome.ChromeDriver
Command: [6d30d8366bdc5563e78831bc2bb0d659, clickElement {id=df014834-f11a-4a56-ae33-0f9ada1865e8}]
Capabilities {acceptInsecureCerts: false, browserName: chrome, browserVersion: 104.0.5112.102, chrome: {chromedriverVersion: 104.0.5112.79 (3cf3e8c8a07d..., userDataDir: C:\Users\User\AppData\Local...}, goog:chromeOptions: {debuggerAddress: localhost:56935}, networkConnectionEnabled: false, pageLoadStrategy: normal, platformName: WINDOWS, proxy: Proxy(), se:cdp: ws://localhost:56935/devtoo..., se:cdpVersion: 104.0.5112.102, setWindowRect: true, strictFileInteractability: false, timeouts: {implicit: 0, pageLoad: 300000, script: 30000}, unhandledPromptBehavior: dismiss and notify, webauthn:extension:credBlob: true, webauthn:extension:largeBlob: true, webauthn:virtualAuthenticators: true}
Element: [[ChromeDriver: chrome on WINDOWS (6d30d8366bdc5563e78831bc2bb0d659)] -&amp;gt; xpath: (//i[@class=&amp;apos;far fa-circle nav-icon&amp;apos;])[1]]
Session ID: 6d30d8366bdc5563e78831bc2bb0d659">
      <![CDATA[org.openqa.selenium.ElementNotInteractableException: element not interactable
  (Session info: chrome=104.0.5112.102)
Build info: version: '4.3.0', revision: 'a4995e2c09*'
System info: host: 'LENOVO-PC', ip: '192.168.1.5', os.name: 'Windows 10', os.arch: 'amd64', os.version: '10.0', java.version: '1.8.0_331'
Driver info: org.openqa.selenium.chrome.ChromeDriver
Command: [6d30d8366bdc5563e78831bc2bb0d659, clickElement {id=df014834-f11a-4a56-ae33-0f9ada1865e8}]
Capabilities {acceptInsecureCerts: false, browserName: chrome, browserVersion: 104.0.5112.102, chrome: {chromedriverVersion: 104.0.5112.79 (3cf3e8c8a07d..., userDataDir: C:\Users\User\AppData\Local...}, goog:chromeOptions: {debuggerAddress: localhost:56935}, networkConnectionEnabled: false, pageLoadStrategy: normal, platformName: WINDOWS, proxy: Proxy(), se:cdp: ws://localhost:56935/devtoo..., se:cdpVersion: 104.0.5112.102, setWindowRect: true, strictFileInteractability: false, timeouts: {implicit: 0, pageLoad: 300000, script: 30000}, unhandledPromptBehavior: dismiss and notify, webauthn:extension:credBlob: true, webauthn:extension:largeBlob: true, webauthn:virtualAuthenticators: true}
Element: [[ChromeDriver: chrome on WINDOWS (6d30d8366bdc5563e78831bc2bb0d659)] -> xpath: (//i[@class='far fa-circle nav-icon'])[1]]
Session ID: 6d30d8366bdc5563e78831bc2bb0d659
	at org.openqa.selenium.remote.codec.w3c.W3CHttpResponseCodec.createException(W3CHttpResponseCodec.java:200)
	at org.openqa.selenium.remote.codec.w3c.W3CHttpResponseCodec.decode(W3CHttpResponseCodec.java:133)
	at org.openqa.selenium.remote.codec.w3c.W3CHttpResponseCodec.decode(W3CHttpResponseCodec.java:53)
	at org.openqa.selenium.remote.HttpCommandExecutor.execute(HttpCommandExecutor.java:184)
	at org.openqa.selenium.remote.service.DriverCommandExecutor.invokeExecute(DriverCommandExecutor.java:167)
	at org.openqa.selenium.remote.service.DriverCommandExecutor.execute(DriverCommandExecutor.java:142)
	at org.openqa.selenium.remote.RemoteWebDriver.execute(RemoteWebDriver.java:569)
	at org.openqa.selenium.remote.RemoteWebElement.execute(RemoteWebElement.java:257)
	at org.openqa.selenium.remote.RemoteWebElement.click(RemoteWebElement.java:78)
	at org.openqa.selenium.support.pagefactory.internal.LocatingElementHandler.invoke(LocatingElementHandler.java:52)
	at com.sun.proxy.$Proxy15.click(Unknown Source)
	at com.supermarket.pages.ManageExpensePage.ClickOnExpensecategory(ManageExpensePage.java:41)
	at com.supermarket.pages.ManageExpensePage.ExpensecategoryPage(ManageExpensePage.java:52)
	at com.supermarket.tests.ManageExpenseTest.verifyThatExpensecategoryRadioButtonIsSelected(ManageExpenseTest.java:20)
	at java.util.concurrent.FutureTask.run(Unknown Source)
	at java.util.concurrent.ThreadPoolExecutor.runWorker(Unknown Source)
	at java.util.concurrent.ThreadPoolExecutor$Worker.run(Unknown Source)
	at java.lang.Thread.run(Unknown Source)
... Removed 24 stack frames]]>
    </failure>
  </testcase> <!-- verifyThatExpensecategoryRadioButtonIsSelected -->
  <testcase name="verifyThatAdminCanCreateAlreadyExistCategoryTitle" time="0.0" classname="com.supermarket.tests.ManageExpenseTest">
    <ignored/>
  </testcase> <!-- verifyThatAdminCanCreateAlreadyExistCategoryTitle -->
  <testcase name="verifyLoginSuccessfully" time="0.0" classname="com.supermarket.tests.LoginTest">
    <ignored/>
  </testcase> <!-- verifyLoginSuccessfully -->
  <testcase name="verifyTheTextOfSelectedCountryDropDown" time="0.0" classname="com.supermarket.tests.ManageLocationTest">
    <ignored/>
  </testcase> <!-- verifyTheTextOfSelectedCountryDropDown -->
  <testcase name="verifyBackgroundColorOfAlertmessage" time="0.0" classname="com.supermarket.tests.ManageExpenseTest">
    <ignored/>
  </testcase> <!-- verifyBackgroundColorOfAlertmessage -->
  <testcase name="verifyCreatedAdminLogin" time="0.0" classname="com.supermarket.tests.LoginTest">
    <ignored/>
  </testcase> <!-- verifyCreatedAdminLogin -->
  <testcase name="verifyTheAlertMessageForAlreadyExistCategory" time="0.0" classname="com.supermarket.tests.ManageExpenseTest">
    <ignored/>
  </testcase> <!-- verifyTheAlertMessageForAlreadyExistCategory -->
</testsuite> <!-- sanityrun -->
